<?xml version="1.0" encoding="UTF-8"?>
<!-- Generated by org.testng.reporters.JUnitReportReporter -->
<testsuite skipped="0" hostname="TUTUCOMP2" name="com.qa.barcode.BarCodeTest" tests="1" failures="0" timestamp="30 Jan 2019 12:06:26 GMT" time="233.115" errors="0">
  <testcase name="barCodeTest" time="233.115" classname="com.qa.barcode.BarCodeTest"/>
</testsuite> <!-- com.qa.barcode.BarCodeTest -->
